commit 232c2687b1fe9f53301f30e1d9432049335a3698
Author: Anton Palets <an2228pa-s@student.lu.se>
Date:   Thu Nov 4 14:45:02 2021 +0100

    Removed unnecessary cout's. Changed first to bool

commit bffe4dd7fbb9e78c856e73a3f94ead7ba261b706
Author: Anton Palets <an2228pa-s@student.lu.se>
Date:   Thu Nov 4 14:01:56 2021 +0100

    Added user input. Bugs fixed in tempPerDay

commit d4c3ac20791fd8b3450ef9571aa0e21f3e273d4a
Author: Ender <edmund.lehsten@gmail.com>
Date:   Wed Nov 3 19:50:10 2021 +0100

    [bugfix] the project method now works

commit 9ed17dd19212a5cafd569fba4f0bc1cb00a70861
Merge: 4dc0ac3 5d4e424
Author: Ender <edmund.lehsten@gmail.com>
Date:   Wed Nov 3 19:20:44 2021 +0100

    Merge branch 'temp1day' into main

commit 4dc0ac3bb54b017bf77b4bb015bbd52a3c81f919
Author: Ender <edmund.lehsten@gmail.com>
Date:   Wed Nov 3 19:19:55 2021 +0100

    [feature] added time lag covariance and fixed bug with merge conflict

commit 5d4e424cd4c43f5f8ce956ab4c44377af0296e06
Author: Ender <edmund.lehsten@gmail.com>
Date:   Wed Nov 3 17:39:30 2021 +0100

    [feature] merged the two different tempOnDay methods into one

commit 4b42c3ee63d123603fa40fa5e62bdcd9753cdb21
Author: Ender <edmund.lehsten@gmail.com>
Date:   Wed Nov 3 16:03:09 2021 +0100

    [bugfix] fixed issues caused by merge

commit ccf8edacf6d3f0528e6326ccc6678d997643ac33
Author: Ender <edmund.lehsten@gmail.com>
Date:   Wed Nov 3 15:52:38 2021 +0100

    [restructure] removed some old files that were not used

commit ac883e5795a6aa9b3f50040c61354407859bb136
Merge: 809e503 f96f9d2
Author: Edmund <edmund.lehsten@gmail.com>
Date:   Wed Nov 3 15:48:54 2021 +0100

    Merge pull request #4 from edmundlehsten/covariance
    
    Covariance Plot

commit 809e503953aa26bb48f4dbeb786ecbb19b1b0963
Merge: 8521eaf 4276808
Author: Edmund <edmund.lehsten@gmail.com>
Date:   Wed Nov 3 15:47:46 2021 +0100

    Merge pull request #2 from antonpalets/main
    
    tempPerDay now in the tempTrender file with absolute paths
    
    Resolved merge conflicts, should work now

commit 4276808d77fd9d35782680116d2a5d8a0c8f1bbc
Merge: 5936c4b 8521eaf
Author: Edmund <edmund.lehsten@gmail.com>
Date:   Wed Nov 3 15:47:10 2021 +0100

    Merge branch 'main' into main

commit 8521eaf462ef79b30f7e62f68f8cda9402a005ed
Merge: 095fa8a 01023b8
Author: Edmund <edmund.lehsten@gmail.com>
Date:   Wed Nov 3 15:38:32 2021 +0100

    Merge pull request #3 from paubenthem/main
    
    Part 3.1 included

commit 01023b8f82ff2b9068ca8a8194b312556a3880c1
Merge: f3cdd03 095fa8a
Author: Edmund <edmund.lehsten@gmail.com>
Date:   Wed Nov 3 15:38:15 2021 +0100

    Merge branch 'main' into main

commit 095fa8a86722ff19056047c0c1c225415d79349a
Merge: bc35a75 fa07b60
Author: Ender <edmund.lehsten@gmail.com>
Date:   Wed Nov 3 15:27:29 2021 +0100

    Merge branch 'bash' into main

commit f96f9d22abac1a2e4bbcebbf5003b3aa3d7f5b86
Author: Ender <edmund.lehsten@gmail.com>
Date:   Wed Nov 3 15:25:11 2021 +0100

    [feature] changed default canvas parameters

commit fa07b6069f863aad344931893acff0fb5fd6fa43
Author: Ender <edmund.lehsten@gmail.com>
Date:   Wed Nov 3 15:14:51 2021 +0100

    [feature] added comments to bash script

commit 57a506e43d5d60dc2079ea949e6ac68032c0db75
Author: Ender <edmund.lehsten@gmail.com>
Date:   Wed Nov 3 15:00:21 2021 +0100

    [bugfix] now works for old versions of root

commit f3cdd03c71b6e4683a0109d0d91aa71594d6bd6a
Merge: bc35a75 c822a76
Author: Paulina Benthem <paubenthem@gmail.com>
Date:   Wed Nov 3 14:21:23 2021 +0100

    Merge branch 'temp1day' into main

commit c822a7637ae9bdbb0ba64cc5fcd6a72d75f324ff
Author: Paulina Benthem <paubenthem@gmail.com>
Date:   Wed Nov 3 14:20:33 2021 +0100

    Part 3.1

commit 8ac19ec9d8fc1c62c9667437d46d20b75e882c84
Author: Ender <edmund.lehsten@gmail.com>
Date:   Wed Nov 3 13:26:35 2021 +0100

    [feature] made covariance plot with 0 time lag

commit 5936c4bd29a29cc9f609a7b8d1948c619723ea53
Author: Anton Palets <an2228pa-s@student.lu.se>
Date:   Wed Nov 3 12:40:32 2021 +0100

    Incorporated macro into tempTrender.cpp. cahnges in header and main project files.

commit 7522d452713e6d19aca9f83f70cc8ec78e104e43
Author: Ender <edmund.lehsten@gmail.com>
Date:   Wed Nov 3 10:42:59 2021 +0100

    [feature] implimented the days_in_month func

commit 590078e4463ea69091e5536e78c526f8a6f785bb
Merge: a3f67b6 eaca78d
Author: Anton Palets <an2228pa-s@student.lu.se>
Date:   Wed Nov 3 10:35:53 2021 +0100

    Added a ROOT macro that produces plot as in 3.2 given a nice csv.

commit eaca78da1394e9e26fcfc42e32c25bc7471ba786
Author: Anton Palets <an2228pa-s@student.lu.se>
Date:   Wed Nov 3 10:30:37 2021 +0100

    Added a ROOT macro that produces plot as in 3.2 given a nice csv.

commit bc35a75a00e5844345de19b2c26a5c2840b86719
Author: Ender <edmund.lehsten@gmail.com>
Date:   Wed Nov 3 10:05:13 2021 +0100

    [bugfix] now also removes if the quality code is Y

commit 2be7f4373a9d8601e980dc485b9d29faa5cc4dc3
Author: Ender <edmund.lehsten@gmail.com>
Date:   Wed Nov 3 10:03:00 2021 +0100

    [feature] setup header for cov plot

commit 2e5e641a0a0fac925c1839feb6ed3598a5d43ccc
Author: Ender <edmund.lehsten@gmail.com>
Date:   Wed Nov 3 09:32:15 2021 +0100

    [bugfix] fixed the issue with the 'Malmö' station

commit a3f67b609e72600de964c8067260d0379eb42e37
Author: Anton Palets <an2228pa-s@student.lu.se>
Date:   Tue Nov 2 15:27:56 2021 +0100

    Added basic skeleton and datasets.

commit 672f5f22fab2b4edaf9cffdc97a1a38cd03b697c
Author: Ender <edmund.lehsten@gmail.com>
Date:   Tue Nov 2 20:11:34 2021 +0100

    [feature] made a preprocess script to clean the data
    
    There is still a bug for the Malmö, need to figure out why

commit 0268e0c15d21dae8562b4171d32be7e7444ca468
Author: Anton Palets <an2228pa-s@student.lu.se>
Date:   Tue Nov 2 15:27:56 2021 +0100

    Added basic skeleton and datasets.

commit f9200e82335b67ffd26dbca055c1db64dfef3351
Merge: e13be67 77edaa4
Author: Edmund <edmund.lehsten@gmail.com>
Date:   Tue Nov 2 15:18:20 2021 +0100

    Merge pull request #1 from antonpalets/main
    
    Saved initial work plan into main repo

commit 77edaa4c7ebc634bcf0c646028ffa4b4694f8e5f
Author: Anton Palets <an2228pa-s@student.lu.se>
Date:   Tue Nov 2 15:16:52 2021 +0100

    Wrote initial workplan.

commit e13be67a9dc27bc47511e7136859d9ae7726004c
Author: Edmund <edmund.lehsten@gmail.com>
Date:   Tue Nov 2 14:39:23 2021 +0100

    Update README.md

commit b1d60d56994445882d779bfe823fd0868f46cf8d
Author: Edmund <edmund.lehsten@gmail.com>
Date:   Wed Oct 20 10:22:50 2021 +0200

    Initial commit
